-------------------------------------------------------------------------------
Test set: utils.TestRunner
-------------------------------------------------------------------------------
Tests run: 4, Failures: 1, Errors: 0, Skipped: 0, Time elapsed: 42.27 s <<< FAILURE! -- in utils.TestRunner
Make Appointment.TC 2.2 User Make Appointment - Success -- Time elapsed: 9.890 s <<< FAILURE!
org.junit.ComparisonFailure: expected:<Medica[id]> but was:<Medica[re]>
	at org.junit.Assert.assertEquals(Assert.java:117)
	at org.junit.Assert.assertEquals(Assert.java:146)
	at stepsDefinition.appointmentSteps.iShouldBeRedirectedToTheAppointmentConfirmationPage(appointmentSteps.java:80)
	at âœ½.I should be redirected to the Appointment Confirmation page(file:///C:/Dev/Selenium%20Java/CuraCucumber/src/test/resources/features/Make%20Appointment.feature:42)

